<?xml version="1.0" encoding="UTF-8"?>
<!-- Generated by org.testng.reporters.JUnitReportReporter -->
<testsuite hostname="DESKTOP-DIA31HG" name="maven.MavenTest" tests="1" failures="0" timestamp="27 Aug 2019 07:51:33 GMT" time="30.746" errors="0">
  <testcase name="f" time="30.746" classname="maven.MavenTest"/>
</testsuite> <!-- maven.MavenTest -->
