<?xml version="1.0" encoding="UTF-8"?>
<!-- Generated by org.testng.reporters.JUnitReportReporter -->
<testsuite skipped="0" hostname="DESKTOP-DIA31HG" name="maven.MavenTest" tests="1" failures="0" timestamp="27 Aug 2019 08:32:28 GMT" time="14.035" errors="0">
  <testcase name="f" time="14.035" classname="maven.MavenTest"/>
</testsuite> <!-- maven.MavenTest -->
